<?xml version="1.0" encoding="UTF-8"?>
<!-- Generated by org.testng.reporters.JUnitXMLReporter -->
<testsuite ignored="0" hostname="DESKTOP-2APMS83" failures="1" tests="2" name="Test" time="53.085" errors="0" timestamp="2020-01-05T17:20:19 GMT-03:00">
  <testcase classname="allureReports.Tests" name="testando" time="6.993"/>
  <testcase classname="allureReports.Tests" name="testando2" time="4.144">
    <failure type="java.lang.AssertionError" message="expected [Globo Esporte] but found [Globo Esporte1]">
      <![CDATA[java.lang.AssertionError: expected [Globo Esporte] but found [Globo Esporte1]
at allureReports.Tests.testando2(Tests.java:52)
at java.base/java.util.ArrayList.forEach(ArrayList.java:1507)
... Removed 32 stack frames]]>
    </failure>
  </testcase> <!-- testando2 -->
</testsuite> <!-- Test -->
